<?xml version="1.0" encoding="UTF-8" ?>
<testsuite failures="0" time="634.929" errors="0" skipped="0" tests="27" name="org.irods.jargon.hive.external.indexer.unittest.AllTests">
  <properties>
[...]
</properties>
  <testcase time="7.859" classname="org.irods.jargon.hive.external.indexer.JenaHiveIndexerVisitorTest" name="testInvokeWithMetadata"/>
  <testcase time="4.577" classname="org.irods.jargon.hive.external.indexer.JenaHiveIndexerVisitorTest" name="testInvokeNullMetadata"/>
  <testcase time="4.211" classname="org.irods.jargon.hive.external.indexer.JenaHiveIndexerVisitorTest" name="testInvokeNullInvoker"/>
  <testcase time="0.191" classname="org.irods.jargon.hive.external.indexer.JenaHiveIndexerInvokerTest" name="testOnePageCollsOnePageDataObjects"/>
  <testcase time="0.006" classname="org.irods.jargon.hive.external.indexer.JenaHiveIndexerInvokerTest" name="testTwoPageCollsOnePageDataObjects"/>
  <testcase time="0.018" classname="org.irods.jargon.hive.external.indexer.JenaHiveIndexerInvokerTest" name="testTwoPageCollsThreePageDataObjects"/>
  <testcase time="0.004" classname="org.irods.jargon.hive.external.indexer.JenaHiveIndexerInvokerTest" name="testOnePageCollsNoDataObjects"/>
  <testcase time="0.005" classname="org.irods.jargon.hive.external.indexer.JenaHiveIndexerInvokerTest" name="testNoCollsOnePageDataObjects"/>
  <testcase time="0.004" classname="org.irods.jargon.hive.external.indexer.JenaHiveIndexerInvokerTest" name="testNoCollsNoDataObjects"/>
  <testcase time="37.52" classname="org.irods.jargon.hive.external.indexer.JenaHiveIndexerServiceImplTest" name="testExecute"/>
  <testcase time="0.081" classname="org.irods.jargon.hive.external.sparql.JenaHiveSPARQLServiceImplTest" name="testInit"/>
  <testcase time="0" classname="org.irods.jargon.hive.external.sparql.JenaHiveSPARQLServiceImplTest" name="testInitNullConfig"/>
  <testcase time="0" classname="org.irods.jargon.hive.external.sparql.JenaHiveSPARQLServiceImplTest" name="testInitEmptyConfig"/>
  <testcase time="0.15" classname="org.irods.jargon.hive.external.sparql.JenaHiveSPARQLServiceImplTest" name="testQuery"/>
  <testcase time="0.018" classname="org.irods.jargon.hive.external.sparql.JenaHiveSPARQLServiceImplTest" name="testBogusQuery"/>
  <testcase time="0.014" classname="org.irods.jargon.hive.external.sparql.JenaHiveSPARQLServiceImplTest" name="testNullQuery"/>
  <testcase time="0.914" classname="org.irods.jargon.hive.external.sparql.JenaHiveSPARQLServiceImplTest" name="testQueryReturnJSON"/>
  <testcase time="0.061" classname="org.irods.jargon.hive.external.utils.template.SPARQLTemplateUtilsTest" name="testGetSPARQLTemplateAndSubstituteValues"/>
  <testcase time="0.045" classname="org.irods.jargon.hive.external.utils.template.SPARQLTemplateUtilsTest" name="testGetSPARQLTemplateAndSubstituteValuesNoFile"/>
  <testcase time="0" classname="org.irods.jargon.hive.external.utils.template.SPARQLTemplateUtilsTest" name="testGetSPARQLTemplateAndSubstituteValuesNullFile"/>
  <testcase time="0" classname="org.irods.jargon.hive.external.utils.template.SPARQLTemplateUtilsTest" name="testGetSPARQLTemplateAndSubstituteValuesNullValues"/>
  <testcase time="0.019" classname="org.irods.jargon.hive.external.utils.template.SPARQLTemplateUtilsTest" name="testGetRawSPARQLTemplate"/>
  <testcase time="0.001" classname="org.irods.jargon.hive.external.utils.template.SPARQLTemplateUtilsTest" name="testGetRawSPARQLTemplateNoFile"/>
  <testcase time="0" classname="org.irods.jargon.hive.external.utils.template.SPARQLTemplateUtilsTest" name="testGetRawSPARQLTemplateNull"/>
  <testcase time="0" classname="org.irods.jargon.hive.external.utils.template.SPARQLTemplateUtilsTest" name="testGetRawSPARQLTemplateBlank"/>
  <testcase time="0.978" classname="org.irods.jargon.hive.external.query.JargonHiveQueryServiceImplTest" name="testQueryForUri"/>
  <testcase time="0.649" classname="org.irods.jargon.hive.external.query.JargonHiveQueryServiceImplTest" name="testQueryForRelatedUri"/>
</testsuite>