<?xml version="1.0" encoding="UTF-8" ?>
<testsuite failures="0" time="3.469" errors="0" skipped="0" tests="21" name="org.irods.jargon.hive.irods.unittest.AllTests">
  <properties>
[...]
</properties>
  <testcase time="0.38" classname="org.irods.jargon.hive.irods.IRODSHiveServiceImplTest" name="testSaveOrUpdateVocabularyTerm"/>
  <testcase time="0.106" classname="org.irods.jargon.hive.irods.IRODSHiveServiceImplTest" name="testSaveOrUpdateVocabularyTermCollectionModifyURI"/>
  <testcase time="0.004" classname="org.irods.jargon.hive.irods.IRODSHiveServiceImplTest" name="testSaveOrUpdateVocabularyTermMissingCollection"/>
  <testcase time="0.123" classname="org.irods.jargon.hive.irods.IRODSHiveServiceImplTest" name="testSaveOrUpdateVocabularyTermDataObject"/>
  <testcase time="0.191" classname="org.irods.jargon.hive.irods.IRODSHiveServiceImplTest" name="testSaveOrUpdateVocabularyTermDataObjectAsModify"/>
  <testcase time="0.073" classname="org.irods.jargon.hive.irods.IRODSHiveServiceImplTest" name="testSaveOrUpdateVocabularyTermDataObjectSayItsACollection"/>
  <testcase time="0.001" classname="org.irods.jargon.hive.irods.IRODSHiveServiceImplTest" name="testValidateHiveVocabularyEntry"/>
  <testcase time="0.001" classname="org.irods.jargon.hive.irods.IRODSHiveServiceImplTest" name="testValidateHiveVocabularyEntryNullEntry"/>
  <testcase time="0.001" classname="org.irods.jargon.hive.irods.IRODSHiveServiceImplTest" name="testValidateHiveVocabularyEntryNullVocab"/>
  <testcase time="0.001" classname="org.irods.jargon.hive.irods.IRODSHiveServiceImplTest" name="testValidateHiveVocabularyEntryBlankVocab"/>
  <testcase time="0" classname="org.irods.jargon.hive.irods.IRODSHiveServiceImplTest" name="testValidateHiveVocabularyEntryNullName"/>
  <testcase time="0" classname="org.irods.jargon.hive.irods.IRODSHiveServiceImplTest" name="testValidateHiveVocabularyEntryBlankName"/>
  <testcase time="0" classname="org.irods.jargon.hive.irods.IRODSHiveServiceImplTest" name="testValidateHiveVocabularyEntryNullDomain"/>
  <testcase time="0" classname="org.irods.jargon.hive.irods.IRODSHiveServiceImplTest" name="testValidateHiveVocabularyEntryNullLabel"/>
  <testcase time="0" classname="org.irods.jargon.hive.irods.IRODSHiveServiceImplTest" name="testValidateHiveVocabularyEntryBlankLabel"/>
  <testcase time="0.001" classname="org.irods.jargon.hive.irods.IRODSHiveServiceImplTest" name="testValidateHiveVocabularyEntryNullURI"/>
  <testcase time="0" classname="org.irods.jargon.hive.irods.IRODSHiveServiceImplTest" name="testValidateHiveVocabularyEntryBlankURI"/>
  <testcase time="0.135" classname="org.irods.jargon.hive.irods.IRODSHiveServiceImplTest" name="testListVocabularyTermsForIRODSAbsolutePathCollection"/>
  <testcase time="0.129" classname="org.irods.jargon.hive.irods.IRODSHiveServiceImplTest" name="testListVocabularyTermsForIRODSAbsolutePathDataObject"/>
  <testcase time="0.096" classname="org.irods.jargon.hive.irods.IRODSHiveServiceImplTest" name="testDeleteVocabularyTermCollection"/>
  <testcase time="0.121" classname="org.irods.jargon.hive.irods.IRODSHiveServiceImplTest" name="testDeleteVocabularyTermDataObject"/>
</testsuite>